

Started GET "/" for 127.0.0.1 at 2016-03-18 17:20:36 +0100
  [1m[36mActiveRecord::SchemaMigration Load (0.3ms)[0m  [1mSELECT "schema_migrations".* FROM "schema_migrations"[0m
Processing by StaticContentController#start as HTML
  [1m[35mUser Load (0.2ms)[0m  SELECT  "users".* FROM "users" WHERE "users"."id" IS NULL LIMIT 1
Redirected to http://localhost:3000/login
Filter chain halted as :authorize rendered or redirected
Completed 302 Found in 80ms (ActiveRecord: 1.4ms)


Started GET "/login" for 127.0.0.1 at 2016-03-18 17:20:36 +0100
Processing by SessionController#new as HTML
  [1m[36mUser Load (0.2ms)[0m  [1mSELECT  "users".* FROM "users" WHERE "users"."id" IS NULL LIMIT 1[0m
  Rendered session/new.html.erb within layouts/application (2.0ms)
  Rendered layouts/_top_menu.html.erb (0.7ms)
Completed 200 OK in 4488ms (Views: 4486.4ms | ActiveRecord: 0.2ms)
  Rendered /home/hipex/.rvm/gems/ruby-2.2.4/gems/web-console-2.3.0/lib/web_console/templates/_markup.html.erb (0.5ms)
  Rendered /home/hipex/.rvm/gems/ruby-2.2.4/gems/web-console-2.3.0/lib/web_console/templates/_inner_console_markup.html.erb within layouts/inlined_string (0.3ms)
  Rendered /home/hipex/.rvm/gems/ruby-2.2.4/gems/web-console-2.3.0/lib/web_console/templates/_prompt_box_markup.html.erb within layouts/inlined_string (4.2ms)
  Rendered /home/hipex/.rvm/gems/ruby-2.2.4/gems/web-console-2.3.0/lib/web_console/templates/style.css.erb within layouts/inlined_string (0.4ms)
  Rendered /home/hipex/.rvm/gems/ruby-2.2.4/gems/web-console-2.3.0/lib/web_console/templates/console.js.erb within layouts/javascript (80.4ms)
  Rendered /home/hipex/.rvm/gems/ruby-2.2.4/gems/web-console-2.3.0/lib/web_console/templates/main.js.erb within layouts/javascript (0.4ms)
  Rendered /home/hipex/.rvm/gems/ruby-2.2.4/gems/web-console-2.3.0/lib/web_console/templates/index.html.erb (111.8ms)


Started GET "/assets/issues.self-c6f7df5d0f755d43f2a716ad42d182b4f25abcfcba1904416c88dbfef7acfa6d.css?body=1" for 127.0.0.1 at 2016-03-18 17:20:41 +0100


Started GET "/assets/statuses.self-e3b0c44298fc1c149afbf4c8996fb92427ae41e4649b934ca495991b7852b855.css?body=1" for 127.0.0.1 at 2016-03-18 17:20:41 +0100


Started GET "/assets/static_content.self-c16fc3fb62bbf3348e79de7b186bcb2b3790432ef2fbcccafcf9c3880559cd35.css?body=1" for 127.0.0.1 at 2016-03-18 17:20:41 +0100


Started GET "/assets/session.self-e3b0c44298fc1c149afbf4c8996fb92427ae41e4649b934ca495991b7852b855.css?body=1" for 127.0.0.1 at 2016-03-18 17:20:41 +0100


Started GET "/assets/scaffolds.self-42677dc9e9153e3eba0d5c7ee6fafb0a9a6b631fb0f3afab49a4664996991533.css?body=1" for 127.0.0.1 at 2016-03-18 17:20:41 +0100


Started GET "/assets/notes.self-e3b0c44298fc1c149afbf4c8996fb92427ae41e4649b934ca495991b7852b855.css?body=1" for 127.0.0.1 at 2016-03-18 17:20:41 +0100


Started GET "/assets/users.self-e3b0c44298fc1c149afbf4c8996fb92427ae41e4649b934ca495991b7852b855.css?body=1" for 127.0.0.1 at 2016-03-18 17:20:41 +0100


Started GET "/assets/jquery.self-660adc51e0224b731d29f575a6f1ec167ba08ad06ed5deca4f1e8654c135bf4c.js?body=1" for 127.0.0.1 at 2016-03-18 17:20:41 +0100


Started GET "/assets/jquery_ujs.self-e87806d0cf4489aeb1bb7288016024e8de67fd18db693fe026fe3907581e53cd.js?body=1" for 127.0.0.1 at 2016-03-18 17:20:41 +0100


Started GET "/assets/issues.self-877aef30ae1b040ab8a3aba4e3e309a11d7f2612f44dde450b5c157aa5f95c05.js?body=1" for 127.0.0.1 at 2016-03-18 17:20:41 +0100


Started GET "/assets/turbolinks.self-c37727e9bd6b2735da5c311aa83fead54ed0be6cc8bd9a65309e9c5abe2cbfff.js?body=1" for 127.0.0.1 at 2016-03-18 17:20:41 +0100


Started GET "/assets/application.self-e80e8f2318043e8af94dddc2adad5a4f09739a8ebb323b3ab31cd71d45fd9113.css?body=1" for 127.0.0.1 at 2016-03-18 17:20:41 +0100


Started GET "/assets/notes.self-877aef30ae1b040ab8a3aba4e3e309a11d7f2612f44dde450b5c157aa5f95c05.js?body=1" for 127.0.0.1 at 2016-03-18 17:20:41 +0100


Started GET "/assets/static_content.self-877aef30ae1b040ab8a3aba4e3e309a11d7f2612f44dde450b5c157aa5f95c05.js?body=1" for 127.0.0.1 at 2016-03-18 17:20:41 +0100


Started GET "/assets/session.self-877aef30ae1b040ab8a3aba4e3e309a11d7f2612f44dde450b5c157aa5f95c05.js?body=1" for 127.0.0.1 at 2016-03-18 17:20:41 +0100


Started GET "/assets/statuses.self-877aef30ae1b040ab8a3aba4e3e309a11d7f2612f44dde450b5c157aa5f95c05.js?body=1" for 127.0.0.1 at 2016-03-18 17:20:41 +0100


Started GET "/assets/users.self-877aef30ae1b040ab8a3aba4e3e309a11d7f2612f44dde450b5c157aa5f95c05.js?body=1" for 127.0.0.1 at 2016-03-18 17:20:41 +0100


Started GET "/assets/application.self-3b8dabdc891efe46b9a144b400ad69e37d7e5876bdc39dee783419a69d7ca819.js?body=1" for 127.0.0.1 at 2016-03-18 17:20:41 +0100


Started POST "/login" for 127.0.0.1 at 2016-03-18 17:21:31 +0100
  [1m[36mActiveRecord::SchemaMigration Load (0.2ms)[0m  [1mSELECT "schema_migrations".* FROM "schema_migrations"[0m
Processing by SessionController#create as HTML
  Parameters: {"utf8"=>"✓", "authenticity_token"=>"rpO9qJ/mTVNvBSEx66dxSQncAhcP/0Cf8JcW3c1sd7DeD+ZyHR8IA+FwzMg4kyK/JuCpa+fLHGTTjW92vfiOZQ==", "name"=>"admin", "password"=>"[FILTERED]", "commit"=>"Login"}
  [1m[35mUser Load (0.2ms)[0m  SELECT  "users".* FROM "users" WHERE "users"."id" IS NULL LIMIT 1
  [1m[36mUser Load (0.2ms)[0m  [1mSELECT  "users".* FROM "users" WHERE "users"."name" = ? LIMIT 1[0m  [["name", "admin"]]
Redirected to http://localhost:3000/start
Completed 302 Found in 105ms (ActiveRecord: 0.8ms)


Started GET "/start" for 127.0.0.1 at 2016-03-18 17:21:31 +0100
Processing by StaticContentController#start as HTML
  [1m[35mUser Load (0.2ms)[0m  SELECT  "users".* FROM "users" WHERE "users"."id" = ? LIMIT 1  [["id", 27]]
  Rendered static_content/start.html.erb within layouts/application (1.3ms)
  Rendered layouts/_top_menu.html.erb (4.9ms)
Completed 200 OK in 533ms (Views: 531.4ms | ActiveRecord: 0.2ms)
  Rendered /home/hipex/.rvm/gems/ruby-2.2.4/gems/web-console-2.3.0/lib/web_console/templates/_markup.html.erb (0.4ms)
  Rendered /home/hipex/.rvm/gems/ruby-2.2.4/gems/web-console-2.3.0/lib/web_console/templates/_inner_console_markup.html.erb within layouts/inlined_string (3.0ms)
  Rendered /home/hipex/.rvm/gems/ruby-2.2.4/gems/web-console-2.3.0/lib/web_console/templates/_prompt_box_markup.html.erb within layouts/inlined_string (0.4ms)
  Rendered /home/hipex/.rvm/gems/ruby-2.2.4/gems/web-console-2.3.0/lib/web_console/templates/style.css.erb within layouts/inlined_string (0.3ms)
  Rendered /home/hipex/.rvm/gems/ruby-2.2.4/gems/web-console-2.3.0/lib/web_console/templates/console.js.erb within layouts/javascript (61.1ms)
  Rendered /home/hipex/.rvm/gems/ruby-2.2.4/gems/web-console-2.3.0/lib/web_console/templates/main.js.erb within layouts/javascript (0.2ms)
  Rendered /home/hipex/.rvm/gems/ruby-2.2.4/gems/web-console-2.3.0/lib/web_console/templates/index.html.erb (82.8ms)


Started GET "/users" for 127.0.0.1 at 2016-03-18 17:21:36 +0100
Processing by UsersController#index as HTML
  [1m[36mCACHE (0.0ms)[0m  [1mSELECT  "users".* FROM "users" WHERE "users"."id" = ? LIMIT 1[0m  [["id", 27]]
  [1m[35mUser Load (0.2ms)[0m  SELECT "users".* FROM "users"
  Rendered users/index.html.erb within layouts/application (17.0ms)
  Rendered layouts/_top_menu.html.erb (6.3ms)
Completed 200 OK in 136ms (Views: 134.7ms | ActiveRecord: 0.2ms)
  Rendered /home/hipex/.rvm/gems/ruby-2.2.4/gems/web-console-2.3.0/lib/web_console/templates/_markup.html.erb (0.4ms)
  Rendered /home/hipex/.rvm/gems/ruby-2.2.4/gems/web-console-2.3.0/lib/web_console/templates/_inner_console_markup.html.erb within layouts/inlined_string (0.7ms)
  Rendered /home/hipex/.rvm/gems/ruby-2.2.4/gems/web-console-2.3.0/lib/web_console/templates/_prompt_box_markup.html.erb within layouts/inlined_string (0.3ms)
  Rendered /home/hipex/.rvm/gems/ruby-2.2.4/gems/web-console-2.3.0/lib/web_console/templates/style.css.erb within layouts/inlined_string (0.7ms)
  Rendered /home/hipex/.rvm/gems/ruby-2.2.4/gems/web-console-2.3.0/lib/web_console/templates/console.js.erb within layouts/javascript (45.4ms)
  Rendered /home/hipex/.rvm/gems/ruby-2.2.4/gems/web-console-2.3.0/lib/web_console/templates/main.js.erb within layouts/javascript (0.4ms)
  Rendered /home/hipex/.rvm/gems/ruby-2.2.4/gems/web-console-2.3.0/lib/web_console/templates/index.html.erb (95.6ms)


Started GET "/issues" for 127.0.0.1 at 2016-03-18 17:21:37 +0100
Processing by IssuesController#index as HTML
  [1m[36mCACHE (0.0ms)[0m  [1mSELECT  "users".* FROM "users" WHERE "users"."id" = ? LIMIT 1[0m  [["id", 27]]
  Rendered layouts/_issue_top_menu.html.erb (53.6ms)
  [1m[35mIssue Load (1.0ms)[0m  SELECT "issues".* FROM "issues"
  [1m[36mStatus Load (5.3ms)[0m  [1mSELECT  "statuses".* FROM "statuses" WHERE "statuses"."id" = ? LIMIT 1[0m  [["id", 1]]
  [1m[35mCACHE (0.0ms)[0m  SELECT  "statuses".* FROM "statuses" WHERE "statuses"."id" = ? LIMIT 1  [["id", 1]]
  [1m[36mUser Load (13.8ms)[0m  [1mSELECT  "users".* FROM "users" WHERE "users"."id" = ? LIMIT 1[0m  [["id", 25]]
  [1m[35mStatus Load (0.2ms)[0m  SELECT  "statuses".* FROM "statuses" WHERE "statuses"."id" = ? LIMIT 1  [["id", 4]]
  [1m[36mCACHE (0.0ms)[0m  [1mSELECT  "users".* FROM "users" WHERE "users"."id" = ? LIMIT 1[0m  [["id", 25]]
  [1m[35mUser Load (0.6ms)[0m  SELECT  "users".* FROM "users" WHERE "users"."id" = ? LIMIT 1  [["id", 23]]
  [1m[36mCACHE (0.0ms)[0m  [1mSELECT  "users".* FROM "users" WHERE "users"."id" = ? LIMIT 1[0m  [["id", 27]]
  [1m[35mStatus Load (0.1ms)[0m  SELECT  "statuses".* FROM "statuses" WHERE "statuses"."id" = ? LIMIT 1  [["id", 3]]
  [1m[36mCACHE (0.0ms)[0m  [1mSELECT  "users".* FROM "users" WHERE "users"."id" = ? LIMIT 1[0m  [["id", 27]]
  [1m[35mStatus Load (2.0ms)[0m  SELECT  "statuses".* FROM "statuses" WHERE "statuses"."id" = ? LIMIT 1  [["id", 2]]
  Rendered issues/index.html.erb within layouts/application (191.1ms)
  Rendered layouts/_top_menu.html.erb (0.6ms)
Completed 200 OK in 379ms (Views: 328.0ms | ActiveRecord: 23.8ms)
  Rendered /home/hipex/.rvm/gems/ruby-2.2.4/gems/web-console-2.3.0/lib/web_console/templates/_markup.html.erb (0.6ms)
  Rendered /home/hipex/.rvm/gems/ruby-2.2.4/gems/web-console-2.3.0/lib/web_console/templates/_inner_console_markup.html.erb within layouts/inlined_string (0.4ms)
  Rendered /home/hipex/.rvm/gems/ruby-2.2.4/gems/web-console-2.3.0/lib/web_console/templates/_prompt_box_markup.html.erb within layouts/inlined_string (0.4ms)
  Rendered /home/hipex/.rvm/gems/ruby-2.2.4/gems/web-console-2.3.0/lib/web_console/templates/style.css.erb within layouts/inlined_string (0.5ms)
  Rendered /home/hipex/.rvm/gems/ruby-2.2.4/gems/web-console-2.3.0/lib/web_console/templates/console.js.erb within layouts/javascript (43.9ms)
  Rendered /home/hipex/.rvm/gems/ruby-2.2.4/gems/web-console-2.3.0/lib/web_console/templates/main.js.erb within layouts/javascript (0.3ms)
  Rendered /home/hipex/.rvm/gems/ruby-2.2.4/gems/web-console-2.3.0/lib/web_console/templates/index.html.erb (82.6ms)


Started GET "/login" for 127.0.0.1 at 2016-03-18 17:21:58 +0100
Processing by SessionController#new as HTML
  [1m[36mUser Load (0.3ms)[0m  [1mSELECT  "users".* FROM "users" WHERE "users"."id" IS NULL LIMIT 1[0m
  Rendered session/new.html.erb within layouts/application (3.3ms)
  Rendered layouts/_top_menu.html.erb (0.6ms)
Completed 200 OK in 88ms (Views: 85.7ms | ActiveRecord: 0.3ms)
  Rendered /home/hipex/.rvm/gems/ruby-2.2.4/gems/web-console-2.3.0/lib/web_console/templates/_markup.html.erb (0.4ms)
  Rendered /home/hipex/.rvm/gems/ruby-2.2.4/gems/web-console-2.3.0/lib/web_console/templates/_inner_console_markup.html.erb within layouts/inlined_string (0.3ms)
  Rendered /home/hipex/.rvm/gems/ruby-2.2.4/gems/web-console-2.3.0/lib/web_console/templates/_prompt_box_markup.html.erb within layouts/inlined_string (2.5ms)
  Rendered /home/hipex/.rvm/gems/ruby-2.2.4/gems/web-console-2.3.0/lib/web_console/templates/style.css.erb within layouts/inlined_string (0.5ms)
  Rendered /home/hipex/.rvm/gems/ruby-2.2.4/gems/web-console-2.3.0/lib/web_console/templates/console.js.erb within layouts/javascript (49.4ms)
  Rendered /home/hipex/.rvm/gems/ruby-2.2.4/gems/web-console-2.3.0/lib/web_console/templates/main.js.erb within layouts/javascript (0.3ms)
  Rendered /home/hipex/.rvm/gems/ruby-2.2.4/gems/web-console-2.3.0/lib/web_console/templates/index.html.erb (83.6ms)


Started GET "/assets/issues.self-c6f7df5d0f755d43f2a716ad42d182b4f25abcfcba1904416c88dbfef7acfa6d.css?body=1" for 127.0.0.1 at 2016-03-18 17:21:58 +0100


Started GET "/assets/notes.self-e3b0c44298fc1c149afbf4c8996fb92427ae41e4649b934ca495991b7852b855.css?body=1" for 127.0.0.1 at 2016-03-18 17:21:58 +0100


Started GET "/assets/static_content.self-c16fc3fb62bbf3348e79de7b186bcb2b3790432ef2fbcccafcf9c3880559cd35.css?body=1" for 127.0.0.1 at 2016-03-18 17:21:58 +0100


Started GET "/assets/session.self-e3b0c44298fc1c149afbf4c8996fb92427ae41e4649b934ca495991b7852b855.css?body=1" for 127.0.0.1 at 2016-03-18 17:21:58 +0100


Started GET "/assets/scaffolds.self-42677dc9e9153e3eba0d5c7ee6fafb0a9a6b631fb0f3afab49a4664996991533.css?body=1" for 127.0.0.1 at 2016-03-18 17:21:58 +0100


Started GET "/assets/statuses.self-e3b0c44298fc1c149afbf4c8996fb92427ae41e4649b934ca495991b7852b855.css?body=1" for 127.0.0.1 at 2016-03-18 17:21:58 +0100


Started GET "/assets/application.self-e80e8f2318043e8af94dddc2adad5a4f09739a8ebb323b3ab31cd71d45fd9113.css?body=1" for 127.0.0.1 at 2016-03-18 17:21:58 +0100


Started GET "/assets/turbolinks.self-c37727e9bd6b2735da5c311aa83fead54ed0be6cc8bd9a65309e9c5abe2cbfff.js?body=1" for 127.0.0.1 at 2016-03-18 17:21:58 +0100


Started GET "/assets/users.self-e3b0c44298fc1c149afbf4c8996fb92427ae41e4649b934ca495991b7852b855.css?body=1" for 127.0.0.1 at 2016-03-18 17:21:58 +0100


Started GET "/assets/jquery_ujs.self-e87806d0cf4489aeb1bb7288016024e8de67fd18db693fe026fe3907581e53cd.js?body=1" for 127.0.0.1 at 2016-03-18 17:21:58 +0100


Started GET "/assets/jquery.self-660adc51e0224b731d29f575a6f1ec167ba08ad06ed5deca4f1e8654c135bf4c.js?body=1" for 127.0.0.1 at 2016-03-18 17:21:58 +0100


Started GET "/assets/issues.self-877aef30ae1b040ab8a3aba4e3e309a11d7f2612f44dde450b5c157aa5f95c05.js?body=1" for 127.0.0.1 at 2016-03-18 17:21:58 +0100


Started GET "/assets/notes.self-877aef30ae1b040ab8a3aba4e3e309a11d7f2612f44dde450b5c157aa5f95c05.js?body=1" for 127.0.0.1 at 2016-03-18 17:21:58 +0100


Started GET "/assets/session.self-877aef30ae1b040ab8a3aba4e3e309a11d7f2612f44dde450b5c157aa5f95c05.js?body=1" for 127.0.0.1 at 2016-03-18 17:21:58 +0100


Started GET "/assets/static_content.self-877aef30ae1b040ab8a3aba4e3e309a11d7f2612f44dde450b5c157aa5f95c05.js?body=1" for 127.0.0.1 at 2016-03-18 17:21:58 +0100


Started GET "/assets/users.self-877aef30ae1b040ab8a3aba4e3e309a11d7f2612f44dde450b5c157aa5f95c05.js?body=1" for 127.0.0.1 at 2016-03-18 17:21:59 +0100


Started GET "/assets/statuses.self-877aef30ae1b040ab8a3aba4e3e309a11d7f2612f44dde450b5c157aa5f95c05.js?body=1" for 127.0.0.1 at 2016-03-18 17:21:59 +0100


Started GET "/assets/application.self-3b8dabdc891efe46b9a144b400ad69e37d7e5876bdc39dee783419a69d7ca819.js?body=1" for 127.0.0.1 at 2016-03-18 17:21:59 +0100


Started GET "/help" for 127.0.0.1 at 2016-03-31 22:00:47 +0200
  [1m[36mActiveRecord::SchemaMigration Load (0.2ms)[0m  [1mSELECT "schema_migrations".* FROM "schema_migrations"[0m
Processing by StaticContentController#help as HTML
  [1m[35mUser Load (0.4ms)[0m  SELECT  "users".* FROM "users" WHERE "users"."id" IS NULL LIMIT 1
  Rendered static_content/help.html.erb within layouts/application (14.5ms)
  Rendered layouts/_top_menu.html.erb (4.3ms)
Completed 200 OK in 2576ms (Views: 2294.2ms | ActiveRecord: 0.5ms)
  Rendered /home/hipex/.rvm/gems/ruby-2.2.4/gems/web-console-2.3.0/lib/web_console/templates/_markup.html.erb (0.5ms)
  Rendered /home/hipex/.rvm/gems/ruby-2.2.4/gems/web-console-2.3.0/lib/web_console/templates/_inner_console_markup.html.erb within layouts/inlined_string (0.6ms)
  Rendered /home/hipex/.rvm/gems/ruby-2.2.4/gems/web-console-2.3.0/lib/web_console/templates/_prompt_box_markup.html.erb within layouts/inlined_string (0.4ms)
  Rendered /home/hipex/.rvm/gems/ruby-2.2.4/gems/web-console-2.3.0/lib/web_console/templates/style.css.erb within layouts/inlined_string (0.6ms)
  Rendered /home/hipex/.rvm/gems/ruby-2.2.4/gems/web-console-2.3.0/lib/web_console/templates/console.js.erb within layouts/javascript (171.3ms)
  Rendered /home/hipex/.rvm/gems/ruby-2.2.4/gems/web-console-2.3.0/lib/web_console/templates/main.js.erb within layouts/javascript (3.5ms)
  Rendered /home/hipex/.rvm/gems/ruby-2.2.4/gems/web-console-2.3.0/lib/web_console/templates/index.html.erb (247.3ms)


Started GET "/about" for 127.0.0.1 at 2016-03-31 22:00:52 +0200
Processing by StaticContentController#about as HTML
  [1m[36mCACHE (0.0ms)[0m  [1mSELECT  "users".* FROM "users" WHERE "users"."id" IS NULL LIMIT 1[0m
Redirected to http://localhost:3000/login
Filter chain halted as :authorize rendered or redirected
Completed 302 Found in 5ms (ActiveRecord: 0.0ms)


Started GET "/login" for 127.0.0.1 at 2016-03-31 22:00:52 +0200
Processing by SessionController#new as HTML
  [1m[35mUser Load (3.0ms)[0m  SELECT  "users".* FROM "users" WHERE "users"."id" IS NULL LIMIT 1
  Rendered session/new.html.erb within layouts/application (6.5ms)
  Rendered layouts/_top_menu.html.erb (0.4ms)
Completed 200 OK in 132ms (Views: 126.6ms | ActiveRecord: 3.0ms)
  Rendered /home/hipex/.rvm/gems/ruby-2.2.4/gems/web-console-2.3.0/lib/web_console/templates/_markup.html.erb (4.6ms)
  Rendered /home/hipex/.rvm/gems/ruby-2.2.4/gems/web-console-2.3.0/lib/web_console/templates/_inner_console_markup.html.erb within layouts/inlined_string (0.4ms)
  Rendered /home/hipex/.rvm/gems/ruby-2.2.4/gems/web-console-2.3.0/lib/web_console/templates/_prompt_box_markup.html.erb within layouts/inlined_string (0.4ms)
  Rendered /home/hipex/.rvm/gems/ruby-2.2.4/gems/web-console-2.3.0/lib/web_console/templates/style.css.erb within layouts/inlined_string (0.4ms)
  Rendered /home/hipex/.rvm/gems/ruby-2.2.4/gems/web-console-2.3.0/lib/web_console/templates/console.js.erb within layouts/javascript (48.6ms)
  Rendered /home/hipex/.rvm/gems/ruby-2.2.4/gems/web-console-2.3.0/lib/web_console/templates/main.js.erb within layouts/javascript (0.4ms)
  Rendered /home/hipex/.rvm/gems/ruby-2.2.4/gems/web-console-2.3.0/lib/web_console/templates/index.html.erb (86.3ms)


Started POST "/login" for 127.0.0.1 at 2016-03-31 22:00:57 +0200
Processing by SessionController#create as HTML
  Parameters: {"utf8"=>"✓", "authenticity_token"=>"MxdP/WmhWO6NYIn7OdJYsqTc7QjUTy1pchd9IcR41/DrrHpPBHF8X7MUR6CoWKg1LfRDW9XI75YIdypNVlSwQA==", "name"=>"admin", "password"=>"[FILTERED]", "commit"=>"Login"}
  [1m[36mCACHE (0.0ms)[0m  [1mSELECT  "users".* FROM "users" WHERE "users"."id" IS NULL LIMIT 1[0m
  [1m[35mUser Load (2.8ms)[0m  SELECT  "users".* FROM "users" WHERE "users"."name" = ? LIMIT 1  [["name", "admin"]]
Redirected to http://localhost:3000/start
Completed 302 Found in 119ms (ActiveRecord: 3.1ms)


Started GET "/start" for 127.0.0.1 at 2016-03-31 22:00:57 +0200
Processing by StaticContentController#start as HTML
  [1m[36mUser Load (0.3ms)[0m  [1mSELECT  "users".* FROM "users" WHERE "users"."id" = ? LIMIT 1[0m  [["id", 27]]
  Rendered static_content/start.html.erb within layouts/application (1.9ms)
  Rendered layouts/_top_menu.html.erb (4.8ms)
Completed 200 OK in 228ms (Views: 198.6ms | ActiveRecord: 0.3ms)
  Rendered /home/hipex/.rvm/gems/ruby-2.2.4/gems/web-console-2.3.0/lib/web_console/templates/_markup.html.erb (0.7ms)
  Rendered /home/hipex/.rvm/gems/ruby-2.2.4/gems/web-console-2.3.0/lib/web_console/templates/_inner_console_markup.html.erb within layouts/inlined_string (0.5ms)
  Rendered /home/hipex/.rvm/gems/ruby-2.2.4/gems/web-console-2.3.0/lib/web_console/templates/_prompt_box_markup.html.erb within layouts/inlined_string (0.8ms)
  Rendered /home/hipex/.rvm/gems/ruby-2.2.4/gems/web-console-2.3.0/lib/web_console/templates/style.css.erb within layouts/inlined_string (0.4ms)
  Rendered /home/hipex/.rvm/gems/ruby-2.2.4/gems/web-console-2.3.0/lib/web_console/templates/console.js.erb within layouts/javascript (48.6ms)
  Rendered /home/hipex/.rvm/gems/ruby-2.2.4/gems/web-console-2.3.0/lib/web_console/templates/main.js.erb within layouts/javascript (1.4ms)
  Rendered /home/hipex/.rvm/gems/ruby-2.2.4/gems/web-console-2.3.0/lib/web_console/templates/index.html.erb (86.5ms)


Started GET "/help" for 127.0.0.1 at 2016-03-31 22:01:02 +0200
Processing by StaticContentController#help as HTML
  [1m[35mCACHE (0.0ms)[0m  SELECT  "users".* FROM "users" WHERE "users"."id" = ? LIMIT 1  [["id", 27]]
  Rendered static_content/help.html.erb within layouts/application (0.1ms)
  Rendered layouts/_top_menu.html.erb (0.7ms)
Completed 200 OK in 114ms (Views: 112.1ms | ActiveRecord: 0.0ms)
  Rendered /home/hipex/.rvm/gems/ruby-2.2.4/gems/web-console-2.3.0/lib/web_console/templates/_markup.html.erb (0.4ms)
  Rendered /home/hipex/.rvm/gems/ruby-2.2.4/gems/web-console-2.3.0/lib/web_console/templates/_inner_console_markup.html.erb within layouts/inlined_string (0.6ms)
  Rendered /home/hipex/.rvm/gems/ruby-2.2.4/gems/web-console-2.3.0/lib/web_console/templates/_prompt_box_markup.html.erb within layouts/inlined_string (3.2ms)
  Rendered /home/hipex/.rvm/gems/ruby-2.2.4/gems/web-console-2.3.0/lib/web_console/templates/style.css.erb within layouts/inlined_string (0.4ms)
  Rendered /home/hipex/.rvm/gems/ruby-2.2.4/gems/web-console-2.3.0/lib/web_console/templates/console.js.erb within layouts/javascript (54.0ms)
  Rendered /home/hipex/.rvm/gems/ruby-2.2.4/gems/web-console-2.3.0/lib/web_console/templates/main.js.erb within layouts/javascript (0.3ms)
  Rendered /home/hipex/.rvm/gems/ruby-2.2.4/gems/web-console-2.3.0/lib/web_console/templates/index.html.erb (94.8ms)


Started GET "/about" for 127.0.0.1 at 2016-03-31 22:01:03 +0200
Processing by StaticContentController#about as HTML
  [1m[36mCACHE (0.0ms)[0m  [1mSELECT  "users".* FROM "users" WHERE "users"."id" = ? LIMIT 1[0m  [["id", 27]]
  Rendered static_content/about.html.erb within layouts/application (0.4ms)
  Rendered layouts/_top_menu.html.erb (1.0ms)
Completed 200 OK in 111ms (Views: 105.5ms | ActiveRecord: 0.0ms)
  Rendered /home/hipex/.rvm/gems/ruby-2.2.4/gems/web-console-2.3.0/lib/web_console/templates/_markup.html.erb (0.6ms)
  Rendered /home/hipex/.rvm/gems/ruby-2.2.4/gems/web-console-2.3.0/lib/web_console/templates/_inner_console_markup.html.erb within layouts/inlined_string (0.5ms)
  Rendered /home/hipex/.rvm/gems/ruby-2.2.4/gems/web-console-2.3.0/lib/web_console/templates/_prompt_box_markup.html.erb within layouts/inlined_string (1.1ms)
  Rendered /home/hipex/.rvm/gems/ruby-2.2.4/gems/web-console-2.3.0/lib/web_console/templates/style.css.erb within layouts/inlined_string (0.4ms)
  Rendered /home/hipex/.rvm/gems/ruby-2.2.4/gems/web-console-2.3.0/lib/web_console/templates/console.js.erb within layouts/javascript (53.2ms)
  Rendered /home/hipex/.rvm/gems/ruby-2.2.4/gems/web-console-2.3.0/lib/web_console/templates/main.js.erb within layouts/javascript (1.7ms)
  Rendered /home/hipex/.rvm/gems/ruby-2.2.4/gems/web-console-2.3.0/lib/web_console/templates/index.html.erb (110.0ms)


Started GET "/users" for 127.0.0.1 at 2016-03-31 22:01:06 +0200
Processing by UsersController#index as HTML
  [1m[35mCACHE (0.0ms)[0m  SELECT  "users".* FROM "users" WHERE "users"."id" = ? LIMIT 1  [["id", 27]]
  [1m[36mUser Load (0.2ms)[0m  [1mSELECT "users".* FROM "users"[0m
  Rendered users/index.html.erb within layouts/application (14.0ms)
  Rendered layouts/_top_menu.html.erb (0.5ms)
Completed 200 OK in 134ms (Views: 130.4ms | ActiveRecord: 0.2ms)
  Rendered /home/hipex/.rvm/gems/ruby-2.2.4/gems/web-console-2.3.0/lib/web_console/templates/_markup.html.erb (0.6ms)
  Rendered /home/hipex/.rvm/gems/ruby-2.2.4/gems/web-console-2.3.0/lib/web_console/templates/_inner_console_markup.html.erb within layouts/inlined_string (0.8ms)
  Rendered /home/hipex/.rvm/gems/ruby-2.2.4/gems/web-console-2.3.0/lib/web_console/templates/_prompt_box_markup.html.erb within layouts/inlined_string (8.3ms)
  Rendered /home/hipex/.rvm/gems/ruby-2.2.4/gems/web-console-2.3.0/lib/web_console/templates/style.css.erb within layouts/inlined_string (0.4ms)
  Rendered /home/hipex/.rvm/gems/ruby-2.2.4/gems/web-console-2.3.0/lib/web_console/templates/console.js.erb within layouts/javascript (47.8ms)
  Rendered /home/hipex/.rvm/gems/ruby-2.2.4/gems/web-console-2.3.0/lib/web_console/templates/main.js.erb within layouts/javascript (0.6ms)
  Rendered /home/hipex/.rvm/gems/ruby-2.2.4/gems/web-console-2.3.0/lib/web_console/templates/index.html.erb (93.9ms)


Started DELETE "/users/5" for 127.0.0.1 at 2016-03-31 22:01:15 +0200
Processing by UsersController#destroy as HTML
  Parameters: {"authenticity_token"=>"WIrV7o5TznF4GGgRAD3O+JrY5lMkRAoWasdE+TMIeKiAMeBc44PqwEZspkqRtz5/E/BIACXDyOkQpxOVoSQfGA==", "id"=>"5"}
  [1m[35mCACHE (0.0ms)[0m  SELECT  "users".* FROM "users" WHERE "users"."id" = ? LIMIT 1  [["id", 27]]
  [1m[36mUser Load (0.8ms)[0m  [1mSELECT  "users".* FROM "users" WHERE "users"."id" = ? LIMIT 1[0m  [["id", 5]]
  [1m[35m (0.1ms)[0m  begin transaction
  [1m[36mSQL (2.6ms)[0m  [1mDELETE FROM "users" WHERE "users"."id" = ?[0m  [["id", 5]]
  [1m[35m (28.1ms)[0m  commit transaction
Redirected to http://localhost:3000/users
Completed 302 Found in 39ms (ActiveRecord: 31.6ms)


Started GET "/users" for 127.0.0.1 at 2016-03-31 22:01:15 +0200
Processing by UsersController#index as HTML
  [1m[36mUser Load (0.1ms)[0m  [1mSELECT  "users".* FROM "users" WHERE "users"."id" = ? LIMIT 1[0m  [["id", 27]]
  [1m[35mUser Load (1.1ms)[0m  SELECT "users".* FROM "users"
  Rendered users/index.html.erb within layouts/application (24.8ms)
  Rendered layouts/_top_menu.html.erb (5.7ms)
Completed 200 OK in 125ms (Views: 123.1ms | ActiveRecord: 1.3ms)
  Rendered /home/hipex/.rvm/gems/ruby-2.2.4/gems/web-console-2.3.0/lib/web_console/templates/_markup.html.erb (0.5ms)
  Rendered /home/hipex/.rvm/gems/ruby-2.2.4/gems/web-console-2.3.0/lib/web_console/templates/_inner_console_markup.html.erb within layouts/inlined_string (0.4ms)
  Rendered /home/hipex/.rvm/gems/ruby-2.2.4/gems/web-console-2.3.0/lib/web_console/templates/_prompt_box_markup.html.erb within layouts/inlined_string (0.4ms)
  Rendered /home/hipex/.rvm/gems/ruby-2.2.4/gems/web-console-2.3.0/lib/web_console/templates/style.css.erb within layouts/inlined_string (0.6ms)
  Rendered /home/hipex/.rvm/gems/ruby-2.2.4/gems/web-console-2.3.0/lib/web_console/templates/console.js.erb within layouts/javascript (54.6ms)
  Rendered /home/hipex/.rvm/gems/ruby-2.2.4/gems/web-console-2.3.0/lib/web_console/templates/main.js.erb within layouts/javascript (0.7ms)
  Rendered /home/hipex/.rvm/gems/ruby-2.2.4/gems/web-console-2.3.0/lib/web_console/templates/index.html.erb (105.5ms)


Started GET "/users/4/edit" for 127.0.0.1 at 2016-03-31 22:01:17 +0200
Processing by UsersController#edit as HTML
  Parameters: {"id"=>"4"}
  [1m[36mCACHE (0.0ms)[0m  [1mSELECT  "users".* FROM "users" WHERE "users"."id" = ? LIMIT 1[0m  [["id", 27]]
  [1m[35mUser Load (0.2ms)[0m  SELECT  "users".* FROM "users" WHERE "users"."id" = ? LIMIT 1  [["id", 4]]
  Rendered users/_form.html.erb (203.9ms)
  Rendered users/edit.html.erb within layouts/application (205.9ms)
  Rendered layouts/_top_menu.html.erb (3.7ms)
Completed 200 OK in 277ms (Views: 273.2ms | ActiveRecord: 0.2ms)
  Rendered /home/hipex/.rvm/gems/ruby-2.2.4/gems/web-console-2.3.0/lib/web_console/templates/_markup.html.erb (0.5ms)
  Rendered /home/hipex/.rvm/gems/ruby-2.2.4/gems/web-console-2.3.0/lib/web_console/templates/_inner_console_markup.html.erb within layouts/inlined_string (0.4ms)
  Rendered /home/hipex/.rvm/gems/ruby-2.2.4/gems/web-console-2.3.0/lib/web_console/templates/_prompt_box_markup.html.erb within layouts/inlined_string (0.3ms)
  Rendered /home/hipex/.rvm/gems/ruby-2.2.4/gems/web-console-2.3.0/lib/web_console/templates/style.css.erb within layouts/inlined_string (1.4ms)
  Rendered /home/hipex/.rvm/gems/ruby-2.2.4/gems/web-console-2.3.0/lib/web_console/templates/console.js.erb within layouts/javascript (54.6ms)
  Rendered /home/hipex/.rvm/gems/ruby-2.2.4/gems/web-console-2.3.0/lib/web_console/templates/main.js.erb within layouts/javascript (0.4ms)
  Rendered /home/hipex/.rvm/gems/ruby-2.2.4/gems/web-console-2.3.0/lib/web_console/templates/index.html.erb (108.5ms)


Started PATCH "/users/4" for 127.0.0.1 at 2016-03-31 22:01:21 +0200
Processing by UsersController#update as HTML
  Parameters: {"utf8"=>"✓", "authenticity_token"=>"QOR2sObUWxf5uDpgMX4RFNH5BxT2JmGKfESIrcgYkXKYX0MCiwR/psfM9Dug9OGTWNGpR/eho3UGJN/BWjT2wg==", "user"=>{"name"=>"xcxcxcxc", "email"=>"sd@dd", "password"=>"[FILTERED]", "password_confirmation"=>"[FILTERED]", "admin"=>"1"}, "commit"=>"Update User", "id"=>"4"}
  [1m[36mCACHE (0.1ms)[0m  [1mSELECT  "users".* FROM "users" WHERE "users"."id" = ? LIMIT 1[0m  [["id", 27]]
  [1m[35mCACHE (0.0ms)[0m  SELECT  "users".* FROM "users" WHERE "users"."id" = ? LIMIT 1  [["id", "4"]]
  [1m[36m (0.1ms)[0m  [1mbegin transaction[0m
  [1m[35mUser Exists (2.4ms)[0m  SELECT  1 AS one FROM "users" WHERE ("users"."name" = 'xcxcxcxc' AND "users"."id" != 4) LIMIT 1
  [1m[36m (0.1ms)[0m  [1mrollback transaction[0m
  Rendered users/_form.html.erb (26.1ms)
  Rendered users/edit.html.erb within layouts/application (27.3ms)
  Rendered layouts/_top_menu.html.erb (0.6ms)
Completed 200 OK in 268ms (Views: 168.0ms | ActiveRecord: 2.7ms)
  Rendered /home/hipex/.rvm/gems/ruby-2.2.4/gems/web-console-2.3.0/lib/web_console/templates/_markup.html.erb (0.5ms)
  Rendered /home/hipex/.rvm/gems/ruby-2.2.4/gems/web-console-2.3.0/lib/web_console/templates/_inner_console_markup.html.erb within layouts/inlined_string (0.4ms)
  Rendered /home/hipex/.rvm/gems/ruby-2.2.4/gems/web-console-2.3.0/lib/web_console/templates/_prompt_box_markup.html.erb within layouts/inlined_string (0.4ms)
  Rendered /home/hipex/.rvm/gems/ruby-2.2.4/gems/web-console-2.3.0/lib/web_console/templates/style.css.erb within layouts/inlined_string (3.4ms)
  Rendered /home/hipex/.rvm/gems/ruby-2.2.4/gems/web-console-2.3.0/lib/web_console/templates/console.js.erb within layouts/javascript (80.6ms)
  Rendered /home/hipex/.rvm/gems/ruby-2.2.4/gems/web-console-2.3.0/lib/web_console/templates/main.js.erb within layouts/javascript (0.4ms)
  Rendered /home/hipex/.rvm/gems/ruby-2.2.4/gems/web-console-2.3.0/lib/web_console/templates/index.html.erb (122.6ms)


Started PATCH "/users/4" for 127.0.0.1 at 2016-03-31 22:01:33 +0200
Processing by UsersController#update as HTML
  Parameters: {"utf8"=>"✓", "authenticity_token"=>"zxkosNsPzWB3mJ2Yqt7LPYT91FJAc/F20pFgYet46SIXoh0Ctt/p0UnsU8M7VDu6DdV6AUH0M4mo8TcNeVSOkg==", "user"=>{"name"=>"xcxcxcxc", "email"=>"sd@dd", "password"=>"[FILTERED]", "password_confirmation"=>"[FILTERED]", "admin"=>"1"}, "commit"=>"Update User", "id"=>"4"}
  [1m[35mUser Load (0.1ms)[0m  SELECT  "users".* FROM "users" WHERE "users"."id" = ? LIMIT 1  [["id", 27]]
  [1m[36mUser Load (0.1ms)[0m  [1mSELECT  "users".* FROM "users" WHERE "users"."id" = ? LIMIT 1[0m  [["id", 4]]
  [1m[35m (0.1ms)[0m  begin transaction
  [1m[36mUser Exists (0.1ms)[0m  [1mSELECT  1 AS one FROM "users" WHERE ("users"."name" = 'xcxcxcxc' AND "users"."id" != 4) LIMIT 1[0m
  [1m[35mSQL (0.2ms)[0m  UPDATE "users" SET "hash_password" = ?, "admin" = ?, "updated_at" = ? WHERE "users"."id" = ?  [["hash_password", "2d514872ed5997147337b92e4fab6b565953742f765baddd6ed407df05e3e6ad"], ["admin", "t"], ["updated_at", "2016-03-31 20:01:33.636710"], ["id", 4]]
  [1m[36m (13.1ms)[0m  [1mcommit transaction[0m
Redirected to http://localhost:3000/users/4
Completed 302 Found in 29ms (ActiveRecord: 13.8ms)


Started GET "/users/4" for 127.0.0.1 at 2016-03-31 22:01:33 +0200
Processing by UsersController#show as HTML
  Parameters: {"id"=>"4"}
  [1m[35mUser Load (0.1ms)[0m  SELECT  "users".* FROM "users" WHERE "users"."id" = ? LIMIT 1  [["id", 27]]
  [1m[36mUser Load (0.1ms)[0m  [1mSELECT  "users".* FROM "users" WHERE "users"."id" = ? LIMIT 1[0m  [["id", 4]]
  Rendered users/show.html.erb within layouts/application (1.4ms)
  Rendered layouts/_top_menu.html.erb (0.5ms)
Completed 200 OK in 124ms (Views: 120.0ms | ActiveRecord: 0.3ms)
  Rendered /home/hipex/.rvm/gems/ruby-2.2.4/gems/web-console-2.3.0/lib/web_console/templates/_markup.html.erb (0.4ms)
  Rendered /home/hipex/.rvm/gems/ruby-2.2.4/gems/web-console-2.3.0/lib/web_console/templates/_inner_console_markup.html.erb within layouts/inlined_string (0.6ms)
  Rendered /home/hipex/.rvm/gems/ruby-2.2.4/gems/web-console-2.3.0/lib/web_console/templates/_prompt_box_markup.html.erb within layouts/inlined_string (0.4ms)
  Rendered /home/hipex/.rvm/gems/ruby-2.2.4/gems/web-console-2.3.0/lib/web_console/templates/style.css.erb within layouts/inlined_string (0.4ms)
  Rendered /home/hipex/.rvm/gems/ruby-2.2.4/gems/web-console-2.3.0/lib/web_console/templates/console.js.erb within layouts/javascript (47.1ms)
  Rendered /home/hipex/.rvm/gems/ruby-2.2.4/gems/web-console-2.3.0/lib/web_console/templates/main.js.erb within layouts/javascript (1.1ms)
  Rendered /home/hipex/.rvm/gems/ruby-2.2.4/gems/web-console-2.3.0/lib/web_console/templates/index.html.erb (81.9ms)


Started GET "/users/4/edit" for 127.0.0.1 at 2016-03-31 22:01:39 +0200
Processing by UsersController#edit as HTML
  Parameters: {"id"=>"4"}
  [1m[35mCACHE (0.0ms)[0m  SELECT  "users".* FROM "users" WHERE "users"."id" = ? LIMIT 1  [["id", 27]]
  [1m[36mCACHE (0.0ms)[0m  [1mSELECT  "users".* FROM "users" WHERE "users"."id" = ? LIMIT 1[0m  [["id", "4"]]
  Rendered users/_form.html.erb (4.6ms)
  Rendered users/edit.html.erb within layouts/application (13.0ms)
  Rendered layouts/_top_menu.html.erb (1.6ms)
Completed 200 OK in 104ms (Views: 102.6ms | ActiveRecord: 0.0ms)
  Rendered /home/hipex/.rvm/gems/ruby-2.2.4/gems/web-console-2.3.0/lib/web_console/templates/_markup.html.erb (0.5ms)
  Rendered /home/hipex/.rvm/gems/ruby-2.2.4/gems/web-console-2.3.0/lib/web_console/templates/_inner_console_markup.html.erb within layouts/inlined_string (0.6ms)
  Rendered /home/hipex/.rvm/gems/ruby-2.2.4/gems/web-console-2.3.0/lib/web_console/templates/_prompt_box_markup.html.erb within layouts/inlined_string (0.4ms)
  Rendered /home/hipex/.rvm/gems/ruby-2.2.4/gems/web-console-2.3.0/lib/web_console/templates/style.css.erb within layouts/inlined_string (7.6ms)
  Rendered /home/hipex/.rvm/gems/ruby-2.2.4/gems/web-console-2.3.0/lib/web_console/templates/console.js.erb within layouts/javascript (51.6ms)
  Rendered /home/hipex/.rvm/gems/ruby-2.2.4/gems/web-console-2.3.0/lib/web_console/templates/main.js.erb within layouts/javascript (1.6ms)
  Rendered /home/hipex/.rvm/gems/ruby-2.2.4/gems/web-console-2.3.0/lib/web_console/templates/index.html.erb (89.8ms)


Started GET "/users" for 127.0.0.1 at 2016-03-31 22:01:41 +0200
Processing by UsersController#index as HTML
  [1m[35mCACHE (0.0ms)[0m  SELECT  "users".* FROM "users" WHERE "users"."id" = ? LIMIT 1  [["id", 27]]
  [1m[36mUser Load (0.2ms)[0m  [1mSELECT "users".* FROM "users"[0m
  Rendered users/index.html.erb within layouts/application (20.2ms)
  Rendered layouts/_top_menu.html.erb (0.9ms)
Completed 200 OK in 171ms (Views: 165.4ms | ActiveRecord: 0.2ms)
  Rendered /home/hipex/.rvm/gems/ruby-2.2.4/gems/web-console-2.3.0/lib/web_console/templates/_markup.html.erb (5.6ms)
  Rendered /home/hipex/.rvm/gems/ruby-2.2.4/gems/web-console-2.3.0/lib/web_console/templates/_inner_console_markup.html.erb within layouts/inlined_string (1.7ms)
  Rendered /home/hipex/.rvm/gems/ruby-2.2.4/gems/web-console-2.3.0/lib/web_console/templates/_prompt_box_markup.html.erb within layouts/inlined_string (0.4ms)
  Rendered /home/hipex/.rvm/gems/ruby-2.2.4/gems/web-console-2.3.0/lib/web_console/templates/style.css.erb within layouts/inlined_string (0.4ms)
  Rendered /home/hipex/.rvm/gems/ruby-2.2.4/gems/web-console-2.3.0/lib/web_console/templates/console.js.erb within layouts/javascript (62.3ms)
  Rendered /home/hipex/.rvm/gems/ruby-2.2.4/gems/web-console-2.3.0/lib/web_console/templates/main.js.erb within layouts/javascript (0.3ms)
  Rendered /home/hipex/.rvm/gems/ruby-2.2.4/gems/web-console-2.3.0/lib/web_console/templates/index.html.erb (114.6ms)


Started GET "/issues" for 127.0.0.1 at 2016-03-31 22:01:43 +0200
Processing by IssuesController#index as HTML
  [1m[35mCACHE (0.0ms)[0m  SELECT  "users".* FROM "users" WHERE "users"."id" = ? LIMIT 1  [["id", 27]]
  Rendered layouts/_issue_top_menu.html.erb (1.0ms)
  [1m[36mIssue Load (0.4ms)[0m  [1mSELECT "issues".* FROM "issues"[0m
  [1m[35mStatus Load (3.4ms)[0m  SELECT  "statuses".* FROM "statuses" WHERE "statuses"."id" = ? LIMIT 1  [["id", 1]]
  [1m[36mCACHE (0.0ms)[0m  [1mSELECT  "statuses".* FROM "statuses" WHERE "statuses"."id" = ? LIMIT 1[0m  [["id", 1]]
  [1m[35mUser Load (9.4ms)[0m  SELECT  "users".* FROM "users" WHERE "users"."id" = ? LIMIT 1  [["id", 25]]
  [1m[36mStatus Load (0.1ms)[0m  [1mSELECT  "statuses".* FROM "statuses" WHERE "statuses"."id" = ? LIMIT 1[0m  [["id", 4]]
  [1m[35mCACHE (0.0ms)[0m  SELECT  "users".* FROM "users" WHERE "users"."id" = ? LIMIT 1  [["id", 25]]
  [1m[36mUser Load (0.2ms)[0m  [1mSELECT  "users".* FROM "users" WHERE "users"."id" = ? LIMIT 1[0m  [["id", 23]]
  [1m[35mCACHE (0.0ms)[0m  SELECT  "users".* FROM "users" WHERE "users"."id" = ? LIMIT 1  [["id", 27]]
  [1m[36mStatus Load (0.1ms)[0m  [1mSELECT  "statuses".* FROM "statuses" WHERE "statuses"."id" = ? LIMIT 1[0m  [["id", 3]]
  [1m[35mCACHE (0.0ms)[0m  SELECT  "users".* FROM "users" WHERE "users"."id" = ? LIMIT 1  [["id", 27]]
  [1m[36mStatus Load (0.2ms)[0m  [1mSELECT  "statuses".* FROM "statuses" WHERE "statuses"."id" = ? LIMIT 1[0m  [["id", 2]]
  Rendered issues/index.html.erb within layouts/application (135.0ms)
  Rendered layouts/_top_menu.html.erb (3.1ms)
Completed 200 OK in 282ms (Views: 234.1ms | ActiveRecord: 15.3ms)
  Rendered /home/hipex/.rvm/gems/ruby-2.2.4/gems/web-console-2.3.0/lib/web_console/templates/_markup.html.erb (0.7ms)
  Rendered /home/hipex/.rvm/gems/ruby-2.2.4/gems/web-console-2.3.0/lib/web_console/templates/_inner_console_markup.html.erb within layouts/inlined_string (0.5ms)
  Rendered /home/hipex/.rvm/gems/ruby-2.2.4/gems/web-console-2.3.0/lib/web_console/templates/_prompt_box_markup.html.erb within layouts/inlined_string (0.4ms)
  Rendered /home/hipex/.rvm/gems/ruby-2.2.4/gems/web-console-2.3.0/lib/web_console/templates/style.css.erb within layouts/inlined_string (12.5ms)
  Rendered /home/hipex/.rvm/gems/ruby-2.2.4/gems/web-console-2.3.0/lib/web_console/templates/console.js.erb within layouts/javascript (48.5ms)
  Rendered /home/hipex/.rvm/gems/ruby-2.2.4/gems/web-console-2.3.0/lib/web_console/templates/main.js.erb within layouts/javascript (0.4ms)
  Rendered /home/hipex/.rvm/gems/ruby-2.2.4/gems/web-console-2.3.0/lib/web_console/templates/index.html.erb (89.1ms)


Started GET "/issues/1/edit" for 127.0.0.1 at 2016-03-31 22:01:48 +0200
Processing by IssuesController#edit as HTML
  Parameters: {"id"=>"1"}
  [1m[35mCACHE (0.0ms)[0m  SELECT  "users".* FROM "users" WHERE "users"."id" = ? LIMIT 1  [["id", 27]]
  [1m[36mIssue Load (0.2ms)[0m  [1mSELECT  "issues".* FROM "issues" WHERE "issues"."id" = ? LIMIT 1[0m  [["id", 1]]
  [1m[35mCACHE (0.0ms)[0m  SELECT  "statuses".* FROM "statuses" WHERE "statuses"."id" = ? LIMIT 1  [["id", 1]]
  [1m[36mStatus Load (0.2ms)[0m  [1mSELECT "statuses".* FROM "statuses"  ORDER BY "statuses"."priority" ASC[0m
  Rendered issues/_form.html.erb (55.6ms)
  Rendered issues/edit.html.erb within layouts/application (61.6ms)
  Rendered layouts/_top_menu.html.erb (0.6ms)
Completed 200 OK in 147ms (Views: 143.3ms | ActiveRecord: 0.5ms)
  Rendered /home/hipex/.rvm/gems/ruby-2.2.4/gems/web-console-2.3.0/lib/web_console/templates/_markup.html.erb (0.5ms)
  Rendered /home/hipex/.rvm/gems/ruby-2.2.4/gems/web-console-2.3.0/lib/web_console/templates/_inner_console_markup.html.erb within layouts/inlined_string (0.6ms)
  Rendered /home/hipex/.rvm/gems/ruby-2.2.4/gems/web-console-2.3.0/lib/web_console/templates/_prompt_box_markup.html.erb within layouts/inlined_string (5.4ms)
  Rendered /home/hipex/.rvm/gems/ruby-2.2.4/gems/web-console-2.3.0/lib/web_console/templates/style.css.erb within layouts/inlined_string (1.1ms)
  Rendered /home/hipex/.rvm/gems/ruby-2.2.4/gems/web-console-2.3.0/lib/web_console/templates/console.js.erb within layouts/javascript (53.3ms)
  Rendered /home/hipex/.rvm/gems/ruby-2.2.4/gems/web-console-2.3.0/lib/web_console/templates/main.js.erb within layouts/javascript (0.4ms)
  Rendered /home/hipex/.rvm/gems/ruby-2.2.4/gems/web-console-2.3.0/lib/web_console/templates/index.html.erb (92.2ms)


Started PATCH "/issues/1" for 127.0.0.1 at 2016-03-31 22:01:53 +0200
Processing by IssuesController#update as HTML
  Parameters: {"utf8"=>"✓", "authenticity_token"=>"YtCOB9bexJCn2tncyydtRJEbDklAkorjfNUNGZLpA6C6a7u1uw7gIZmuF4darZ3DGDOgGkEVSBwGtVp1AMVkEA==", "issue"=>{"title"=>"niecc", "description"=>"zrob to teraz", "status_id"=>"3"}, "commit"=>"Update Issue", "id"=>"1"}
  [1m[35mCACHE (0.0ms)[0m  SELECT  "users".* FROM "users" WHERE "users"."id" = ? LIMIT 1  [["id", 27]]
  [1m[36mCACHE (0.0ms)[0m  [1mSELECT  "issues".* FROM "issues" WHERE "issues"."id" = ? LIMIT 1[0m  [["id", "1"]]
  [1m[35m (0.1ms)[0m  begin transaction
  [1m[36mSQL (1.5ms)[0m  [1mUPDATE "issues" SET "status_id" = ?, "updated_at" = ? WHERE "issues"."id" = ?[0m  [["status_id", 3], ["updated_at", "2016-03-31 20:01:53.321316"], ["id", 1]]
  [1m[35m (13.3ms)[0m  commit transaction
Redirected to http://localhost:3000/issues/1
Completed 302 Found in 23ms (ActiveRecord: 15.0ms)


Started GET "/issues/1" for 127.0.0.1 at 2016-03-31 22:01:53 +0200
Processing by IssuesController#show as HTML
  Parameters: {"id"=>"1"}
  [1m[36mUser Load (0.1ms)[0m  [1mSELECT  "users".* FROM "users" WHERE "users"."id" = ? LIMIT 1[0m  [["id", 27]]
  [1m[35mIssue Load (0.2ms)[0m  SELECT  "issues".* FROM "issues" WHERE "issues"."id" = ? LIMIT 1  [["id", 1]]
  [1m[36mStatus Load (0.2ms)[0m  [1mSELECT  "statuses".* FROM "statuses" WHERE "statuses"."id" = ? LIMIT 1[0m  [["id", 3]]
  [1m[35mNote Load (8.3ms)[0m  SELECT "notes".* FROM "notes" WHERE "notes"."issue_id" = ?  ORDER BY "notes"."id" DESC  [[nil, 1]]
  Rendered issues/show.html.erb within layouts/application (94.2ms)
  Rendered layouts/_top_menu.html.erb (3.6ms)
Completed 200 OK in 220ms (Views: 203.8ms | ActiveRecord: 9.1ms)
  Rendered /home/hipex/.rvm/gems/ruby-2.2.4/gems/web-console-2.3.0/lib/web_console/templates/_markup.html.erb (0.5ms)
  Rendered /home/hipex/.rvm/gems/ruby-2.2.4/gems/web-console-2.3.0/lib/web_console/templates/_inner_console_markup.html.erb within layouts/inlined_string (2.1ms)
  Rendered /home/hipex/.rvm/gems/ruby-2.2.4/gems/web-console-2.3.0/lib/web_console/templates/_prompt_box_markup.html.erb within layouts/inlined_string (0.7ms)
  Rendered /home/hipex/.rvm/gems/ruby-2.2.4/gems/web-console-2.3.0/lib/web_console/templates/style.css.erb within layouts/inlined_string (1.1ms)
  Rendered /home/hipex/.rvm/gems/ruby-2.2.4/gems/web-console-2.3.0/lib/web_console/templates/console.js.erb within layouts/javascript (60.2ms)
  Rendered /home/hipex/.rvm/gems/ruby-2.2.4/gems/web-console-2.3.0/lib/web_console/templates/main.js.erb within layouts/javascript (0.6ms)
  Rendered /home/hipex/.rvm/gems/ruby-2.2.4/gems/web-console-2.3.0/lib/web_console/templates/index.html.erb (108.8ms)


Started GET "/issues" for 127.0.0.1 at 2016-03-31 22:02:03 +0200
Processing by IssuesController#index as HTML
  [1m[36mCACHE (0.0ms)[0m  [1mSELECT  "users".* FROM "users" WHERE "users"."id" = ? LIMIT 1[0m  [["id", 27]]
  Rendered layouts/_issue_top_menu.html.erb (0.6ms)
  [1m[35mIssue Load (0.2ms)[0m  SELECT "issues".* FROM "issues"
  [1m[36mCACHE (0.0ms)[0m  [1mSELECT  "statuses".* FROM "statuses" WHERE "statuses"."id" = ? LIMIT 1[0m  [["id", 3]]
  [1m[35mStatus Load (0.1ms)[0m  SELECT  "statuses".* FROM "statuses" WHERE "statuses"."id" = ? LIMIT 1  [["id", 1]]
  [1m[36mUser Load (5.2ms)[0m  [1mSELECT  "users".* FROM "users" WHERE "users"."id" = ? LIMIT 1[0m  [["id", 25]]
  [1m[35mStatus Load (0.4ms)[0m  SELECT  "statuses".* FROM "statuses" WHERE "statuses"."id" = ? LIMIT 1  [["id", 4]]
  [1m[36mCACHE (0.0ms)[0m  [1mSELECT  "users".* FROM "users" WHERE "users"."id" = ? LIMIT 1[0m  [["id", 25]]
  [1m[35mUser Load (0.1ms)[0m  SELECT  "users".* FROM "users" WHERE "users"."id" = ? LIMIT 1  [["id", 23]]
  [1m[36mCACHE (0.0ms)[0m  [1mSELECT  "users".* FROM "users" WHERE "users"."id" = ? LIMIT 1[0m  [["id", 27]]
  [1m[35mCACHE (0.0ms)[0m  SELECT  "statuses".* FROM "statuses" WHERE "statuses"."id" = ? LIMIT 1  [["id", 3]]
  [1m[36mCACHE (0.0ms)[0m  [1mSELECT  "users".* FROM "users" WHERE "users"."id" = ? LIMIT 1[0m  [["id", 27]]
  [1m[35mStatus Load (0.1ms)[0m  SELECT  "statuses".* FROM "statuses" WHERE "statuses"."id" = ? LIMIT 1  [["id", 2]]
  Rendered issues/index.html.erb within layouts/application (47.9ms)
  Rendered layouts/_top_menu.html.erb (0.7ms)
Completed 200 OK in 163ms (Views: 150.3ms | ActiveRecord: 6.3ms)
  Rendered /home/hipex/.rvm/gems/ruby-2.2.4/gems/web-console-2.3.0/lib/web_console/templates/_markup.html.erb (0.8ms)
  Rendered /home/hipex/.rvm/gems/ruby-2.2.4/gems/web-console-2.3.0/lib/web_console/templates/_inner_console_markup.html.erb within layouts/inlined_string (0.4ms)
  Rendered /home/hipex/.rvm/gems/ruby-2.2.4/gems/web-console-2.3.0/lib/web_console/templates/_prompt_box_markup.html.erb within layouts/inlined_string (0.7ms)
  Rendered /home/hipex/.rvm/gems/ruby-2.2.4/gems/web-console-2.3.0/lib/web_console/templates/style.css.erb within layouts/inlined_string (0.4ms)
  Rendered /home/hipex/.rvm/gems/ruby-2.2.4/gems/web-console-2.3.0/lib/web_console/templates/console.js.erb within layouts/javascript (54.5ms)
  Rendered /home/hipex/.rvm/gems/ruby-2.2.4/gems/web-console-2.3.0/lib/web_console/templates/main.js.erb within layouts/javascript (0.5ms)
  Rendered /home/hipex/.rvm/gems/ruby-2.2.4/gems/web-console-2.3.0/lib/web_console/templates/index.html.erb (92.0ms)
